<?xml version="1.0" encoding="UTF-8"?>
<testsuite xmlns:xsi="http://www.w3.org/2001/XMLSchema-instance" xsi:noNamespaceSchemaLocation="https://maven.apache.org/surefire/maven-surefire-plugin/xsd/surefire-test-report-3.0.xsd" version="3.0" name="test.java.CompilerTestAccept" time="0.058" tests="4" errors="0" skipped="0" failures="0">
  <properties>
    <property name="java.specification.version" value="21"/>
    <property name="sun.cpu.isalist" value="amd64"/>
    <property name="sun.jnu.encoding" value="Cp1252"/>
    <property name="java.class.path" value="D:\Proyectos\Proyectos java\compilador\target\test-classes;D:\Proyectos\Proyectos java\compilador\target\classes;C:\Users\MegaTecnologia\.m2\repository\org\junit\jupiter\junit-jupiter\5.9.0\junit-jupiter-5.9.0.jar;C:\Users\MegaTecnologia\.m2\repository\org\junit\jupiter\junit-jupiter-api\5.9.0\junit-jupiter-api-5.9.0.jar;C:\Users\MegaTecnologia\.m2\repository\org\opentest4j\opentest4j\1.2.0\opentest4j-1.2.0.jar;C:\Users\MegaTecnologia\.m2\repository\org\junit\platform\junit-platform-commons\1.9.0\junit-platform-commons-1.9.0.jar;C:\Users\MegaTecnologia\.m2\repository\org\apiguardian\apiguardian-api\1.1.2\apiguardian-api-1.1.2.jar;C:\Users\MegaTecnologia\.m2\repository\org\junit\jupiter\junit-jupiter-params\5.9.0\junit-jupiter-params-5.9.0.jar;C:\Users\MegaTecnologia\.m2\repository\org\junit\jupiter\junit-jupiter-engine\5.9.0\junit-jupiter-engine-5.9.0.jar;C:\Users\MegaTecnologia\.m2\repository\org\junit\platform\junit-platform-engine\1.9.0\junit-platform-engine-1.9.0.jar;"/>
    <property name="java.vm.vendor" value="Oracle Corporation"/>
    <property name="sun.arch.data.model" value="64"/>
    <property name="user.variant" value=""/>
    <property name="java.vendor.url" value="https://java.oracle.com/"/>
    <property name="user.timezone" value="America/Buenos_Aires"/>
    <property name="os.name" value="Windows 11"/>
    <property name="java.vm.specification.version" value="21"/>
    <property name="sun.java.launcher" value="SUN_STANDARD"/>
    <property name="user.country" value="AR"/>
    <property name="sun.boot.library.path" value="C:\Program Files\Java\jdk-21\bin"/>
    <property name="sun.java.command" value="C:\Users\MegaTecnologia\AppData\Local\Temp\surefire8454094863496557984\surefirebooter-20241111021112334_3.jar C:\Users\MegaTecnologia\AppData\Local\Temp\surefire8454094863496557984 2024-11-11T02-11-12_193-jvmRun1 surefire-20241111021112334_1tmp surefire_0-20241111021112334_2tmp"/>
    <property name="jdk.debug" value="release"/>
    <property name="test" value="CompilerTestAccept"/>
    <property name="surefire.test.class.path" value="D:\Proyectos\Proyectos java\compilador\target\test-classes;D:\Proyectos\Proyectos java\compilador\target\classes;C:\Users\MegaTecnologia\.m2\repository\org\junit\jupiter\junit-jupiter\5.9.0\junit-jupiter-5.9.0.jar;C:\Users\MegaTecnologia\.m2\repository\org\junit\jupiter\junit-jupiter-api\5.9.0\junit-jupiter-api-5.9.0.jar;C:\Users\MegaTecnologia\.m2\repository\org\opentest4j\opentest4j\1.2.0\opentest4j-1.2.0.jar;C:\Users\MegaTecnologia\.m2\repository\org\junit\platform\junit-platform-commons\1.9.0\junit-platform-commons-1.9.0.jar;C:\Users\MegaTecnologia\.m2\repository\org\apiguardian\apiguardian-api\1.1.2\apiguardian-api-1.1.2.jar;C:\Users\MegaTecnologia\.m2\repository\org\junit\jupiter\junit-jupiter-params\5.9.0\junit-jupiter-params-5.9.0.jar;C:\Users\MegaTecnologia\.m2\repository\org\junit\jupiter\junit-jupiter-engine\5.9.0\junit-jupiter-engine-5.9.0.jar;C:\Users\MegaTecnologia\.m2\repository\org\junit\platform\junit-platform-engine\1.9.0\junit-platform-engine-1.9.0.jar;"/>
    <property name="sun.cpu.endian" value="little"/>
    <property name="user.home" value="C:\Users\MegaTecnologia"/>
    <property name="user.language" value="es"/>
    <property name="java.specification.vendor" value="Oracle Corporation"/>
    <property name="java.version.date" value="2024-01-16"/>
    <property name="java.home" value="C:\Program Files\Java\jdk-21"/>
    <property name="file.separator" value="\"/>
    <property name="basedir" value="D:\Proyectos\Proyectos java\compilador"/>
    <property name="java.vm.compressedOopsMode" value="Zero based"/>
    <property name="line.separator" value="&#10;"/>
    <property name="java.vm.specification.vendor" value="Oracle Corporation"/>
    <property name="java.specification.name" value="Java Platform API Specification"/>
    <property name="surefire.real.class.path" value="C:\Users\MegaTecnologia\AppData\Local\Temp\surefire8454094863496557984\surefirebooter-20241111021112334_3.jar"/>
    <property name="user.script" value=""/>
    <property name="sun.management.compiler" value="HotSpot 64-Bit Tiered Compilers"/>
    <property name="java.runtime.version" value="21.0.2+13-LTS-58"/>
    <property name="user.name" value="Alan (Escritorio)"/>
    <property name="stdout.encoding" value="Cp1252"/>
    <property name="path.separator" value=";"/>
    <property name="os.version" value="10.0"/>
    <property name="java.runtime.name" value="Java(TM) SE Runtime Environment"/>
    <property name="file.encoding" value="UTF-8"/>
    <property name="java.vm.name" value="Java HotSpot(TM) 64-Bit Server VM"/>
    <property name="localRepository" value="C:\Users\MegaTecnologia\.m2\repository"/>
    <property name="java.vendor.url.bug" value="https://bugreport.java.com/bugreport/"/>
    <property name="java.io.tmpdir" value="C:\Users\MEGATE~1\AppData\Local\Temp\"/>
    <property name="java.version" value="21.0.2"/>
    <property name="user.dir" value="D:\Proyectos\Proyectos java\compilador"/>
    <property name="os.arch" value="amd64"/>
    <property name="java.vm.specification.name" value="Java Virtual Machine Specification"/>
    <property name="sun.os.patch.level" value=""/>
    <property name="native.encoding" value="Cp1252"/>
    <property name="java.library.path" value="C:\Program Files\Java\jdk-21\bin;C:\WINDOWS\Sun\Java\bin;C:\WINDOWS\system32;C:\WINDOWS;C:\Users\MegaTecnologia\AppData\Local\fnm_multishells\9516_1731301763285;C:\Program Files\Common Files\Oracle\Java\javapath;C:\Program Files\Microsoft\jdk-11.0.16.101-hotspot\bin;C:\Program Files (x86)\NVIDIA Corporation\PhysX\Common;C:\Windows\system32;C:\Windows;C:\Windows\System32\Wbem;C:\Windows\System32\WindowsPowerShell\v1.0\;C:\Windows\System32\OpenSSH\;C:\xampp\php;C:\ProgramData\ComposerSetup\bin;C:\Program Files (x86)\Microsoft SQL Server\160\Tools\Binn\;C:\Program Files\Microsoft SQL Server\160\Tools\Binn\;C:\Program Files\Microsoft SQL Server\Client SDK\ODBC\170\Tools\Binn\;C:\Program Files\Microsoft SQL Server\160\DTS\Binn\;C:\Program Files (x86)\Microsoft SQL Server\160\DTS\Binn\;C:\Program Files\Microsoft SQL Server\150\Tools\Binn\;C:\Program Files\dotnet\;C:\WINDOWS\system32;C:\WINDOWS;C:\WINDOWS\System32\Wbem;C:\WINDOWS\System32\WindowsPowerShell\v1.0\;C:\WINDOWS\System32\OpenSSH\;C:\ProgramData\chocolatey\bin;C:\Program Files\Rakudo\bin;C:\Program Files\Rakudo\share\perl6\site\bin;D:\Programas\Git\cmd;C:\Program Files\Docker\Docker\resources\bin;C:\Program Files\nodejs\;C:\Program Files\PowerShell\7\;C:\Program Files\CMake\bin;C:\workspace\apache-maven-3.9.9\bin;C:\Users\MegaTecnologia\AppData\Local\Programs\Python\Python313\Scripts\;C:\Users\MegaTecnologia\AppData\Local\Programs\Python\Python313\;C:\Users\MegaTecnologia\scoop\shims;C:\Users\MegaTecnologia\AppData\Local\activestate\cache\bin;C:\Users\MegaTecnologia\AppData\Local\ActiveState\StateTool\release\bin;C:\Users\MegaTecnologia\AppData\Local\Programs\Python\Python310\Scripts\;C:\Users\MegaTecnologia\AppData\Local\Programs\Python\Python310\;C:\Users\MegaTecnologia\AppData\Local\Microsoft\WindowsApps;D:\Programas\Vs Code\Microsoft VS Code\bin;C:\Users\MegaTecnologia\AppData\Roaming\Composer\vendor\bin;C:\Program Files\Azure Data Studio\bin;C:\Users\MegaTecnologia\.dotnet\tools;D:\Programas\IntelliJ IDEA 2023.3.6\bin;C:\Users\MegaTecnologia\AppData\Local\Microsoft\WinGet\Links;C:\Users\MegaTecnologia\AppData\Local\Microsoft\WinGet\Packages\Schniz.fnm_Microsoft.Winget.Source_8wekyb3d8bbwe;C:\Program Files\LibreOffice\program;C:\Program Files\JetBrains\PyCharm 2024.2.4\bin;;C:\Users\MegaTecnologia\AppData\Roaming\npm;."/>
    <property name="java.vm.info" value="mixed mode, sharing"/>
    <property name="stderr.encoding" value="Cp1252"/>
    <property name="java.vendor" value="Oracle Corporation"/>
    <property name="java.vm.version" value="21.0.2+13-LTS-58"/>
    <property name="sun.io.unicode.encoding" value="UnicodeLittle"/>
    <property name="java.class.version" value="65.0"/>
  </properties>
  <testcase name="testValidIOStatement" classname="test.java.CompilerTestAccept" time="0.024">
    <system-out><![CDATA[Reconociendo instrucción de E/S: write
Operación de E/S con: _var
]]></system-out>
  </testcase>
  <testcase name="testParseValidIfStatement" classname="test.java.CompilerTestAccept" time="0.007">
    <system-out><![CDATA[Reconociendo una declaración 'if' en el token if
Bloque 'if' reconocido con '{' en el índice 7
Reconociendo instrucción de E/S: write
Operación de E/S con: _var
]]></system-out>
  </testcase>
  <testcase name="testTokenizeValidInput" classname="test.java.CompilerTestAccept" time="0.004"/>
  <testcase name="testParseValidWhileStatement" classname="test.java.CompilerTestAccept" time="0.004"/>
</testsuite>